GowinSynthesis start
Running parser ...
Analyzing Verilog file 'C:\Users\Admin\Desktop\NAM_4_HIEU_CUTE\KY_2_NAM_4\Do_an_thiet_ke_he_thong_so\do_an_he_thong_so\src\BH1750_convert.v'
Analyzing Verilog file 'C:\Users\Admin\Desktop\NAM_4_HIEU_CUTE\KY_2_NAM_4\Do_an_thiet_ke_he_thong_so\do_an_he_thong_so\src\CLK_500K.v'
Analyzing Verilog file 'C:\Users\Admin\Desktop\NAM_4_HIEU_CUTE\KY_2_NAM_4\Do_an_thiet_ke_he_thong_so\do_an_he_thong_so\src\CLK_1500K.v'
Analyzing Verilog file 'C:\Users\Admin\Desktop\NAM_4_HIEU_CUTE\KY_2_NAM_4\Do_an_thiet_ke_he_thong_so\do_an_he_thong_so\src\I2C_RX.v'
Analyzing Verilog file 'C:\Users\Admin\Desktop\NAM_4_HIEU_CUTE\KY_2_NAM_4\Do_an_thiet_ke_he_thong_so\do_an_he_thong_so\src\I2C_TX.v'
Analyzing Verilog file 'C:\Users\Admin\Desktop\NAM_4_HIEU_CUTE\KY_2_NAM_4\Do_an_thiet_ke_he_thong_so\do_an_he_thong_so\src\LCD_send.v'
Analyzing Verilog file 'C:\Users\Admin\Desktop\NAM_4_HIEU_CUTE\KY_2_NAM_4\Do_an_thiet_ke_he_thong_so\do_an_he_thong_so\src\LCD_top.v'
Analyzing Verilog file 'C:\Users\Admin\Desktop\NAM_4_HIEU_CUTE\KY_2_NAM_4\Do_an_thiet_ke_he_thong_so\do_an_he_thong_so\src\TOP_module.v'
Compiling module 'Top_module'("C:\Users\Admin\Desktop\NAM_4_HIEU_CUTE\KY_2_NAM_4\Do_an_thiet_ke_he_thong_so\do_an_he_thong_so\src\TOP_module.v":1)
Compiling module 'clk_500k'("C:\Users\Admin\Desktop\NAM_4_HIEU_CUTE\KY_2_NAM_4\Do_an_thiet_ke_he_thong_so\do_an_he_thong_so\src\CLK_500K.v":6)
Compiling module 'clk_1500k'("C:\Users\Admin\Desktop\NAM_4_HIEU_CUTE\KY_2_NAM_4\Do_an_thiet_ke_he_thong_so\do_an_he_thong_so\src\CLK_1500K.v":6)
Compiling module 'LCD_top'("C:\Users\Admin\Desktop\NAM_4_HIEU_CUTE\KY_2_NAM_4\Do_an_thiet_ke_he_thong_so\do_an_he_thong_so\src\LCD_top.v":4)
Compiling module 'LCD_send'("C:\Users\Admin\Desktop\NAM_4_HIEU_CUTE\KY_2_NAM_4\Do_an_thiet_ke_he_thong_so\do_an_he_thong_so\src\LCD_send.v":3)
Compiling module 'I2C_TX'("C:\Users\Admin\Desktop\NAM_4_HIEU_CUTE\KY_2_NAM_4\Do_an_thiet_ke_he_thong_so\do_an_he_thong_so\src\I2C_TX.v":1)
WARN  (EX3670) : Actual bit length 32 differs from formal bit length 3 for port 'num_byte'("C:\Users\Admin\Desktop\NAM_4_HIEU_CUTE\KY_2_NAM_4\Do_an_thiet_ke_he_thong_so\do_an_he_thong_so\src\LCD_send.v":20)
Compiling module 'BH1750_convert'("C:\Users\Admin\Desktop\NAM_4_HIEU_CUTE\KY_2_NAM_4\Do_an_thiet_ke_he_thong_so\do_an_he_thong_so\src\BH1750_convert.v":1)
Compiling module 'I2C_RX'("C:\Users\Admin\Desktop\NAM_4_HIEU_CUTE\KY_2_NAM_4\Do_an_thiet_ke_he_thong_so\do_an_he_thong_so\src\I2C_RX.v":3)
WARN  (EX3670) : Actual bit length 32 differs from formal bit length 3 for port 'num_byte'("C:\Users\Admin\Desktop\NAM_4_HIEU_CUTE\KY_2_NAM_4\Do_an_thiet_ke_he_thong_so\do_an_he_thong_so\src\BH1750_convert.v":49)
WARN  (EX3791) : Expression size 20 truncated to fit in target size 16("C:\Users\Admin\Desktop\NAM_4_HIEU_CUTE\KY_2_NAM_4\Do_an_thiet_ke_he_thong_so\do_an_he_thong_so\src\BH1750_convert.v":101)
WARN  (EX3791) : Expression size 17 truncated to fit in target size 8("C:\Users\Admin\Desktop\NAM_4_HIEU_CUTE\KY_2_NAM_4\Do_an_thiet_ke_he_thong_so\do_an_he_thong_so\src\TOP_module.v":143)
WARN  (EX3791) : Expression size 15 truncated to fit in target size 8("C:\Users\Admin\Desktop\NAM_4_HIEU_CUTE\KY_2_NAM_4\Do_an_thiet_ke_he_thong_so\do_an_he_thong_so\src\TOP_module.v":144)
WARN  (EX3791) : Expression size 11 truncated to fit in target size 8("C:\Users\Admin\Desktop\NAM_4_HIEU_CUTE\KY_2_NAM_4\Do_an_thiet_ke_he_thong_so\do_an_he_thong_so\src\TOP_module.v":145)
WARN  (EX3791) : Expression size 32 truncated to fit in target size 8("C:\Users\Admin\Desktop\NAM_4_HIEU_CUTE\KY_2_NAM_4\Do_an_thiet_ke_he_thong_so\do_an_he_thong_so\src\TOP_module.v":149)
WARN  (EX3791) : Expression size 32 truncated to fit in target size 8("C:\Users\Admin\Desktop\NAM_4_HIEU_CUTE\KY_2_NAM_4\Do_an_thiet_ke_he_thong_so\do_an_he_thong_so\src\TOP_module.v":150)
WARN  (EX3791) : Expression size 32 truncated to fit in target size 8("C:\Users\Admin\Desktop\NAM_4_HIEU_CUTE\KY_2_NAM_4\Do_an_thiet_ke_he_thong_so\do_an_he_thong_so\src\TOP_module.v":151)
WARN  (EX3791) : Expression size 8 truncated to fit in target size 1("C:\Users\Admin\Desktop\NAM_4_HIEU_CUTE\KY_2_NAM_4\Do_an_thiet_ke_he_thong_so\do_an_he_thong_so\src\TOP_module.v":418)
WARN  (EX3791) : Expression size 8 truncated to fit in target size 1("C:\Users\Admin\Desktop\NAM_4_HIEU_CUTE\KY_2_NAM_4\Do_an_thiet_ke_he_thong_so\do_an_he_thong_so\src\TOP_module.v":419)
NOTE  (EX0101) : Current top module is "Top_module"
[5%] Running netlist conversion ...
Running device independent optimization ...
[10%] Optimizing Phase 0 completed
[15%] Optimizing Phase 1 completed
[25%] Optimizing Phase 2 completed
Running inference ...
[30%] Inferring Phase 0 completed
[40%] Inferring Phase 1 completed
[50%] Inferring Phase 2 completed
[55%] Inferring Phase 3 completed
Running technical mapping ...
[60%] Tech-Mapping Phase 0 completed
[65%] Tech-Mapping Phase 1 completed
[75%] Tech-Mapping Phase 2 completed
[80%] Tech-Mapping Phase 3 completed
[90%] Tech-Mapping Phase 4 completed
[95%] Generate netlist file "C:\Users\Admin\Desktop\NAM_4_HIEU_CUTE\KY_2_NAM_4\Do_an_thiet_ke_he_thong_so\do_an_he_thong_so\impl\gwsynthesis\do_an_he_thong_so.vg" completed
[100%] Generate report file "C:\Users\Admin\Desktop\NAM_4_HIEU_CUTE\KY_2_NAM_4\Do_an_thiet_ke_he_thong_so\do_an_he_thong_so\impl\gwsynthesis\do_an_he_thong_so_syn.rpt.html" completed
GowinSynthesis finish
