Reading netlist file: "C:\Users\Admin\Desktop\NAM_4_HIEU_CUTE\KY_2_NAM_4\Do_an_thiet_ke_he_thong_so\do_an_he_thong_so\impl\gwsynthesis\do_an_he_thong_so.vg"
Parsing netlist file "C:\Users\Admin\Desktop\NAM_4_HIEU_CUTE\KY_2_NAM_4\Do_an_thiet_ke_he_thong_so\do_an_he_thong_so\impl\gwsynthesis\do_an_he_thong_so.vg" completed
Processing netlist completed
Reading constraint file: "C:\Users\Admin\Desktop\NAM_4_HIEU_CUTE\KY_2_NAM_4\Do_an_thiet_ke_he_thong_so\do_an_he_thong_so\src\do_an_he_thong_so.cst"
Physical Constraint parsed completed
Running placement......
[10%] Placement Phase 0 completed
WARN  (PR1118) : When both JTAG pins and JTAGSEL_N pin are used for GPIO, user needs to be aware the logic relationship between MODE pins, JTAG pins and JTAGSEL_N pin
[20%] Placement Phase 1 completed
[30%] Placement Phase 2 completed
WARN  (TA1132) :  'clk' was determined to be a clock but was not created.
WARN  (TA1132) :  'clk500k' was determined to be a clock but was not created.
WARN  (TA1132) :  'clk1500k' was determined to be a clock but was not created.
[50%] Placement Phase 3 completed
Running routing......
[60%] Routing Phase 0 completed
[70%] Routing Phase 1 completed
[80%] Routing Phase 2 completed
WARN  (PR1014) : Generic routing resource will be used to clock signal 'clk_d' by the specified constraint. And then it may lead to the excessive delay or skew
[90%] Routing Phase 3 completed
Running timing analysis......
[95%] Timing analysis completed
Placement and routing completed
Bitstream generation in progress......
Bitstream generation completed
Running power analysis......
[100%] Power analysis completed
Generate file "C:\Users\Admin\Desktop\NAM_4_HIEU_CUTE\KY_2_NAM_4\Do_an_thiet_ke_he_thong_so\do_an_he_thong_so\impl\pnr\do_an_he_thong_so.power.html" completed
Generate file "C:\Users\Admin\Desktop\NAM_4_HIEU_CUTE\KY_2_NAM_4\Do_an_thiet_ke_he_thong_so\do_an_he_thong_so\impl\pnr\do_an_he_thong_so.pin.html" completed
Generate file "C:\Users\Admin\Desktop\NAM_4_HIEU_CUTE\KY_2_NAM_4\Do_an_thiet_ke_he_thong_so\do_an_he_thong_so\impl\pnr\do_an_he_thong_so.rpt.html" completed
Generate file "C:\Users\Admin\Desktop\NAM_4_HIEU_CUTE\KY_2_NAM_4\Do_an_thiet_ke_he_thong_so\do_an_he_thong_so\impl\pnr\do_an_he_thong_so.rpt.txt" completed
Generate file "C:\Users\Admin\Desktop\NAM_4_HIEU_CUTE\KY_2_NAM_4\Do_an_thiet_ke_he_thong_so\do_an_he_thong_so\impl\pnr\do_an_he_thong_so.tr.html" completed
Thu Mar 26 01:25:48 2026

